{"time":"2024-11-19T15:19:09,555", "logger": "com.hazelcast.client.impl.protocol.task.AuthenticationMessageTask", "level": "INFO", "msg": "[10.252.0.13]:5702 [hz-primary] [5.5.2] Received auth from Connection[id=4, /10.252.0.13:5701->/172.16.0.75:5658, qualifier=EndpointQualifier{type='CLIENT'}, endpoint=[172.16.0.75]:5658, remoteUuid=7108dad4-fa17-4af8-8dea-b63eb7cac08d, alive=true, connectionType=CLC, planeIndex=-1], successfully authenticated, clientUuid: 7108dad4-fa17-4af8-8dea-b63eb7cac08d, client name: raj@Raj-Hz-M2.local-1732029549, client version: 5.4.1 "}
{"time":"2024-11-19T15:19:09,635", "logger": "com.hazelcast.jet.impl.submitjob.memberside.JobUploadStore", "level": "INFO", "msg": "processJobMetaData : Session : 1e28bf74-c102-496b-b3b6-3d134263b123  "}
{"time":"2024-11-19T15:19:09,674", "logger": "com.hazelcast.jet.impl.submitjob.memberside.JobUploadStore", "level": "INFO", "msg": "processJobMultipart : Session : 1e28bf74-c102-496b-b3b6-3d134263b123 Received : 1 of 1 "}
{"time":"2024-11-19T15:19:09,676", "logger": "com.hazelcast.jet.impl.submitjob.memberside.JobUploadStatus", "level": "INFO", "msg": "Session : 1e28bf74-c102-496b-b3b6-3d134263b123 jarPath: /tmp/cdc-1.0.0-SNAPSHOT8053832314689195505.jar PartNumber: 1/1 Total file size : 6778 bytes "}
{"time":"2024-11-19T15:19:09,678", "logger": "com.hazelcast.jet.impl.submitjob.memberside.JobUploadStore", "level": "INFO", "msg": "Session : 1e28bf74-c102-496b-b3b6-3d134263b123 is complete. It will be removed from the map "}
{"time":"2024-11-19T15:19:09,678", "logger": "com.hazelcast.jet.impl.EnterpriseJetServiceBackend", "level": "INFO", "msg": "[10.252.0.13]:5702 [hz-primary] [5.5.2] Try executing jar file /tmp/cdc-1.0.0-SNAPSHOT8053832314689195505.jar for session 1e28bf74-c102-496b-b3b6-3d134263b123 "}
{"time":"2024-11-19T15:19:09,696", "logger": "com.hazelcast.instance.impl.executejar.MemberExecuteJar", "level": "INFO", "msg": "Found mainClassName :com.hz.demo.cdc.job.CDCOracle and main method "}
{"time":"2024-11-19T15:19:11,598", "logger": "com.hazelcast.jet.impl.EnterpriseJetServiceBackend", "level": "INFO", "msg": "[10.252.0.13]:5702 [hz-primary] [5.5.2] executing jar file /tmp/cdc-1.0.0-SNAPSHOT8053832314689195505.jar for session 1e28bf74-c102-496b-b3b6-3d134263b123 finished successfully "}
{"time":"2024-11-19T15:19:11,654", "logger": "com.hazelcast.internal.server.tcp.TcpServerConnection", "level": "INFO", "msg": "[10.252.0.13]:5702 [hz-primary] [5.5.2] Connection[id=4, /10.252.0.13:5701->gke-raj-test-raj-test-node-pool-6f4cccf2-h680.asia-south1-a.c.solution-architects-415712.internal/172.16.0.75:5658, qualifier=EndpointQualifier{type='CLIENT'}, endpoint=[172.16.0.75]:5658, remoteUuid=7108dad4-fa17-4af8-8dea-b63eb7cac08d, alive=false, connectionType=CLC, planeIndex=-1] closed. Reason: Connection closed by the other side "}
{"time":"2024-11-19T15:19:11,657", "logger": "com.hazelcast.client.impl.ClientEndpointManager", "level": "INFO", "msg": "[10.252.0.13]:5702 [hz-primary] [5.5.2] Destroying ClientEndpoint{connection=Connection[id=4, /10.252.0.13:5701->gke-raj-test-raj-test-node-pool-6f4cccf2-h680.asia-south1-a.c.solution-architects-415712.internal/172.16.0.75:5658, qualifier=EndpointQualifier{type='CLIENT'}, endpoint=[172.16.0.75]:5658, remoteUuid=7108dad4-fa17-4af8-8dea-b63eb7cac08d, alive=false, connectionType=CLC, planeIndex=-1], clientUuid=7108dad4-fa17-4af8-8dea-b63eb7cac08d, clientName=raj@Raj-Hz-M2.local-1732029549, authenticated=true, clientVersion=5.4.1, creationTime=1732029549554, latest clientAttributes=null, labels=[User:raj@Raj-Hz-M2.local, CLC]} "}
{"time":"2024-11-19T15:19:12,021", "logger": "com.hazelcast.jet.impl.JobExecutionService", "level": "INFO", "msg": "[10.252.0.13]:5702 [hz-primary] [5.5.2] Execution plan for jobId=0ca5-7f40-a280-0002, jobName='cdc-oracle-job1', executionId=0ca5-7f41-0580-0001 initialized "}
{"time":"2024-11-19T15:19:12,039", "logger": "com.hazelcast.jet.impl.JobExecutionService", "level": "INFO", "msg": "[10.252.0.13]:5702 [hz-primary] [5.5.2] Start execution of job 'cdc-oracle-job1', execution 0ca5-7f41-0580-0001 from coordinator [10.252.0.12]:5702 "}
{"time":"2024-11-19T15:19:12,581", "logger": "org.apache.kafka.connect.json.JsonConverterConfig", "level": "INFO", "msg": "JsonConverterConfig values: 
  converter.type = key
  decimal.format = BASE64
  replace.null.with.default = true
  schemas.cache.size = 1000
  schemas.enable = false
 "}
{"time":"2024-11-19T15:19:12,589", "logger": "org.apache.kafka.connect.json.JsonConverterConfig", "level": "INFO", "msg": "JsonConverterConfig values: 
  converter.type = value
  decimal.format = BASE64
  replace.null.with.default = true
  schemas.cache.size = 1000
  schemas.enable = false
 "}
{"time":"2024-11-19T15:19:12,617", "logger": "io.debezium.embedded.EmbeddedWorkerConfig", "level": "INFO", "msg": "EmbeddedWorkerConfig values: 
  access.control.allow.methods = 
  access.control.allow.origin = 
  admin.listeners = null
  auto.include.jmx.reporter = true
  bootstrap.servers = [localhost:9092]
  client.dns.lookup = use_all_dns_ips
  config.providers = []
  connector.client.config.override.policy = All
  header.converter = class org.apache.kafka.connect.storage.SimpleHeaderConverter
  key.converter = class org.apache.kafka.connect.json.JsonConverter
  listeners = [http://:8083]
  metric.reporters = []
  metrics.num.samples = 2
  metrics.recording.level = INFO
  metrics.sample.window.ms = 30000
  offset.flush.interval.ms = 60000
  offset.flush.timeout.ms = 5000
  offset.storage.file.filename = 
  offset.storage.partitions = null
  offset.storage.replication.factor = null
  offset.storage.topic = 911274415193325570
  plugin.discovery = hybrid_warn
  plugin.path = null
  response.http.headers.config = 
  rest.advertised.host.name = null
  rest.advertised.listener = null
  rest.advertised.port = null
  rest.extension.classes = []
  ssl.cipher.suites = null
  ssl.client.auth = none
  ssl.enabled.protocols = [TLSv1.2, TLSv1.3]
  ssl.endpoint.identification.algorithm = https
  ssl.engine.factory.class = null
  ssl.key.password = null
  ssl.keymanager.algorithm = SunX509
  ssl.keystore.certificate.chain = null
  ssl.keystore.key = null
  ssl.keystore.location = null
  ssl.keystore.password = null
  ssl.keystore.type = JKS
  ssl.protocol = TLSv1.3
  ssl.provider = null
  ssl.secure.random.implementation = null
  ssl.trustmanager.algorithm = PKIX
  ssl.truststore.certificates = null
  ssl.truststore.location = null
  ssl.truststore.password = null
  ssl.truststore.type = JKS
  task.shutdown.graceful.timeout.ms = 5000
  topic.creation.enable = true
  topic.tracking.allow.reset = true
  topic.tracking.enable = true
  value.converter = class org.apache.kafka.connect.json.JsonConverter
 "}
{"time":"2024-11-19T15:19:12,625", "logger": "com.hazelcast.enterprise.jet.cdc.impl.ReadCdcP", "level": "INFO", "msg": "[10.252.0.13]:5702 [hz-primary] [5.5.2] [cdc-oracle-job1/hz_customers#1] Output to ordinal 0: Watermark{ts=15:19:12.000, key=0} "}
{"time":"2024-11-19T15:19:12,733", "logger": "io.debezium.config.CommonConnectorConfig", "level": "INFO", "msg": "Loading the custom source info struct maker plugin: io.debezium.connector.oracle.OracleSourceInfoStructMaker "}
{"time":"2024-11-19T15:19:13,000", "logger": "com.hazelcast.enterprise.jet.cdc.impl.ReadCdcP", "level": "INFO", "msg": "[10.252.0.13]:5702 [hz-primary] [5.5.2] [cdc-oracle-job1/hz_customers#1] Output to ordinal 0: Watermark{ts=15:19:13.000, key=0} "}
{"time":"2024-11-19T15:19:13,806", "logger": "io.debezium.connector.oracle.OracleConnection", "level": "INFO", "msg": "Database Version: Oracle Database 23ai Free Release 23.0.0.0.0 - Develop, Learn, and Run for Free
Version 23.5.0.24.07 "}
{"time":"2024-11-19T15:19:13,812", "logger": "io.debezium.jdbc.JdbcConnection", "level": "INFO", "msg": "Connection gracefully closed "}
{"time":"2024-11-19T15:19:13,842", "logger": "org.apache.kafka.connect.json.JsonConverterConfig", "level": "INFO", "msg": "JsonConverterConfig values: 
  converter.type = key
  decimal.format = BASE64
  replace.null.with.default = true
  schemas.cache.size = 1000
  schemas.enable = false
 "}
{"time":"2024-11-19T15:19:13,865", "logger": "io.debezium.connector.common.BaseSourceTask", "level": "INFO", "msg": "Starting OracleConnectorTask with configuration: "}
{"time":"2024-11-19T15:19:13,868", "logger": "io.debezium.connector.common.BaseSourceTask", "level": "INFO", "msg": "   connector.class = io.debezium.connector.oracle.OracleConnector "}
{"time":"2024-11-19T15:19:13,868", "logger": "io.debezium.connector.common.BaseSourceTask", "level": "INFO", "msg": "   schema.history.internal.connector.id = 911274415193325570 "}
{"time":"2024-11-19T15:19:13,868", "logger": "io.debezium.connector.common.BaseSourceTask", "level": "INFO", "msg": "   tasks.max = 1 "}
{"time":"2024-11-19T15:19:13,868", "logger": "io.debezium.connector.common.BaseSourceTask", "level": "INFO", "msg": "   sequence.extractor.class = com.hazelcast.enterprise.jet.cdc.impl.ConstantSequenceExtractor "}
{"time":"2024-11-19T15:19:13,868", "logger": "io.debezium.connector.common.BaseSourceTask", "level": "INFO", "msg": "   tombstones.on.delete = false "}
{"time":"2024-11-19T15:19:13,868", "logger": "io.debezium.connector.common.BaseSourceTask", "level": "INFO", "msg": "   topic.prefix = 816fef64-9562-46ac-b38c-b7a1c9cc7411 "}
{"time":"2024-11-19T15:19:13,868", "logger": "io.debezium.connector.common.BaseSourceTask", "level": "INFO", "msg": "   offset.storage.file.filename =  "}
{"time":"2024-11-19T15:19:13,868", "logger": "io.debezium.connector.common.BaseSourceTask", "level": "INFO", "msg": "   offset.storage.topic = 911274415193325570 "}
{"time":"2024-11-19T15:19:13,868", "logger": "io.debezium.connector.common.BaseSourceTask", "level": "INFO", "msg": "   errors.retry.delay.initial.ms = 300 "}
{"time":"2024-11-19T15:19:13,869", "logger": "io.debezium.connector.common.BaseSourceTask", "level": "INFO", "msg": "   value.converter = org.apache.kafka.connect.json.JsonConverter "}
{"time":"2024-11-19T15:19:13,869", "logger": "io.debezium.connector.common.BaseSourceTask", "level": "INFO", "msg": "   key.converter = org.apache.kafka.connect.json.JsonConverter "}
{"time":"2024-11-19T15:19:13,869", "logger": "io.debezium.connector.common.BaseSourceTask", "level": "INFO", "msg": "   database.dbname = FREE "}
{"time":"2024-11-19T15:19:13,869", "logger": "io.debezium.connector.common.BaseSourceTask", "level": "INFO", "msg": "   database.user = c##dbzuser "}
{"time":"2024-11-19T15:19:13,869", "logger": "io.debezium.connector.common.BaseSourceTask", "level": "INFO", "msg": "   offset.storage = com.hazelcast.enterprise.jet.cdc.impl.ReadCdcP$JetOffsetStorage "}
{"time":"2024-11-19T15:19:13,869", "logger": "io.debezium.connector.common.BaseSourceTask", "level": "INFO", "msg": "   database.pdb.name = FREEPDB1 "}
{"time":"2024-11-19T15:19:13,869", "logger": "io.debezium.connector.common.BaseSourceTask", "level": "INFO", "msg": "   database.server.name = server1 "}
{"time":"2024-11-19T15:19:13,869", "logger": "io.debezium.connector.common.BaseSourceTask", "level": "INFO", "msg": "   offset.flush.timeout.ms = 5000 "}
{"time":"2024-11-19T15:19:13,869", "logger": "io.debezium.connector.common.BaseSourceTask", "level": "INFO", "msg": "   errors.retry.delay.max.ms = 10000 "}
{"time":"2024-11-19T15:19:13,869", "logger": "io.debezium.connector.common.BaseSourceTask", "level": "INFO", "msg": "   database.port = 1521 "}
{"time":"2024-11-19T15:19:13,870", "logger": "io.debezium.connector.common.BaseSourceTask", "level": "INFO", "msg": "   offset.flush.interval.ms = 60000 "}
{"time":"2024-11-19T15:19:13,870", "logger": "io.debezium.connector.common.BaseSourceTask", "level": "INFO", "msg": "   schema.history.internal = com.hazelcast.enterprise.jet.cdc.impl.ReadCdcP$StatefulSchemaHistory "}
{"time":"2024-11-19T15:19:13,870", "logger": "io.debezium.connector.common.BaseSourceTask", "level": "INFO", "msg": "   errors.max.retries = -1 "}
{"time":"2024-11-19T15:19:13,870", "logger": "io.debezium.connector.common.BaseSourceTask", "level": "INFO", "msg": "   database.hostname = oracle-db23c-free-oracle-db23c-free.default.svc.cluster.local "}
{"time":"2024-11-19T15:19:13,870", "logger": "io.debezium.connector.common.BaseSourceTask", "level": "INFO", "msg": "   database.password = ******** "}
{"time":"2024-11-19T15:19:13,870", "logger": "io.debezium.connector.common.BaseSourceTask", "level": "INFO", "msg": "   name = hz_customers "}
{"time":"2024-11-19T15:19:13,870", "logger": "io.debezium.config.CommonConnectorConfig", "level": "INFO", "msg": "Loading the custom source info struct maker plugin: io.debezium.connector.oracle.OracleSourceInfoStructMaker "}
{"time":"2024-11-19T15:19:13,874", "logger": "io.debezium.config.CommonConnectorConfig", "level": "INFO", "msg": "Loading the custom topic naming strategy plugin: io.debezium.schema.SchemaTopicNamingStrategy "}
{"time":"2024-11-19T15:19:13,962", "logger": "io.debezium.connector.oracle.OracleConnection", "level": "INFO", "msg": "Database Version: Oracle Database 23ai Free Release 23.0.0.0.0 - Develop, Learn, and Run for Free
Version 23.5.0.24.07 "}
{"time":"2024-11-19T15:19:14,000", "logger": "com.hazelcast.enterprise.jet.cdc.impl.ReadCdcP", "level": "INFO", "msg": "[10.252.0.13]:5702 [hz-primary] [5.5.2] [cdc-oracle-job1/hz_customers#1] Output to ordinal 0: Watermark{ts=15:19:14.000, key=0} "}
{"time":"2024-11-19T15:19:14,369", "logger": "io.debezium.connector.common.BaseSourceTask", "level": "INFO", "msg": "No previous offsets found "}
{"time":"2024-11-19T15:19:14,457", "logger": "io.debezium.connector.oracle.OracleConnection", "level": "INFO", "msg": "Database Version: Oracle Database 23ai Free Release 23.0.0.0.0 - Develop, Learn, and Run for Free
Version 23.5.0.24.07 "}
{"time":"2024-11-19T15:19:14,582", "logger": "io.debezium.connector.common.BaseSourceTask", "level": "INFO", "msg": "Connector started for the first time. "}
{"time":"2024-11-19T15:19:14,583", "logger": "io.debezium.connector.oracle.OracleConnectorTask", "level": "INFO", "msg": "No previous offset found "}
{"time":"2024-11-19T15:19:14,603", "logger": "io.debezium.util.Threads", "level": "INFO", "msg": "Requested thread factory for component OracleConnector, id = 816fef64-9562-46ac-b38c-b7a1c9cc7411 named = SignalProcessor "}
{"time":"2024-11-19T15:19:14,628", "logger": "io.debezium.util.Threads", "level": "INFO", "msg": "Requested thread factory for component OracleConnector, id = 816fef64-9562-46ac-b38c-b7a1c9cc7411 named = change-event-source-coordinator "}
{"time":"2024-11-19T15:19:14,628", "logger": "io.debezium.util.Threads", "level": "INFO", "msg": "Requested thread factory for component OracleConnector, id = 816fef64-9562-46ac-b38c-b7a1c9cc7411 named = blocking-snapshot "}
{"time":"2024-11-19T15:19:14,631", "logger": "io.debezium.util.Threads", "level": "INFO", "msg": "Creating thread debezium-oracleconnector-816fef64-9562-46ac-b38c-b7a1c9cc7411-change-event-source-coordinator "}
{"time":"2024-11-19T15:19:14,642", "logger": "io.debezium.pipeline.ChangeEventSourceCoordinator", "level": "INFO", "msg": "Metrics registered "}
{"time":"2024-11-19T15:19:14,642", "logger": "io.debezium.pipeline.ChangeEventSourceCoordinator", "level": "INFO", "msg": "Context created "}
{"time":"2024-11-19T15:19:14,651", "logger": "io.debezium.relational.RelationalSnapshotChangeEventSource", "level": "INFO", "msg": "According to the connector configuration both schema and data will be snapshot. "}
{"time":"2024-11-19T15:19:14,725", "logger": "io.debezium.relational.RelationalSnapshotChangeEventSource", "level": "INFO", "msg": "Snapshot step 1 - Preparing "}
{"time":"2024-11-19T15:19:14,725", "logger": "io.debezium.relational.RelationalSnapshotChangeEventSource", "level": "INFO", "msg": "Snapshot step 2 - Determining captured tables "}
{"time":"2024-11-19T15:19:15,000", "logger": "com.hazelcast.enterprise.jet.cdc.impl.ReadCdcP", "level": "INFO", "msg": "[10.252.0.13]:5702 [hz-primary] [5.5.2] [cdc-oracle-job1/hz_customers#1] Output to ordinal 0: Watermark{ts=15:19:15.000, key=0} "}
{"time":"2024-11-19T15:19:16,000", "logger": "com.hazelcast.enterprise.jet.cdc.impl.ReadCdcP", "level": "INFO", "msg": "[10.252.0.13]:5702 [hz-primary] [5.5.2] [cdc-oracle-job1/hz_customers#1] Output to ordinal 0: Watermark{ts=15:19:16.000, key=0} "}
{"time":"2024-11-19T15:19:17,000", "logger": "com.hazelcast.enterprise.jet.cdc.impl.ReadCdcP", "level": "INFO", "msg": "[10.252.0.13]:5702 [hz-primary] [5.5.2] [cdc-oracle-job1/hz_customers#1] Output to ordinal 0: Watermark{ts=15:19:17.000, key=0} "}
{"time":"2024-11-19T15:19:17,420", "logger": "io.debezium.relational.RelationalSnapshotChangeEventSource", "level": "INFO", "msg": "Adding table FREEPDB1.C##DBZUSER.CUSTOMERS to the list of capture schema tables "}
{"time":"2024-11-19T15:19:17,425", "logger": "io.debezium.relational.RelationalSnapshotChangeEventSource", "level": "INFO", "msg": "Created connection pool with 1 threads "}
{"time":"2024-11-19T15:19:17,425", "logger": "io.debezium.relational.RelationalSnapshotChangeEventSource", "level": "INFO", "msg": "Snapshot step 3 - Locking captured tables [FREEPDB1.C##DBZUSER.CUSTOMERS] "}
{"time":"2024-11-19T15:19:17,439", "logger": "io.debezium.relational.RelationalSnapshotChangeEventSource", "level": "INFO", "msg": "Snapshot step 4 - Determining snapshot offset "}
{"time":"2024-11-19T15:19:17,806", "logger": "io.debezium.connector.oracle.logminer.LogMinerAdapter", "level": "INFO", "msg": "  No in-progress transactions will be captured. "}
{"time":"2024-11-19T15:19:17,818", "logger": "io.debezium.jdbc.JdbcConnection", "level": "INFO", "msg": "Connection gracefully closed "}
{"time":"2024-11-19T15:19:17,818", "logger": "io.debezium.relational.RelationalSnapshotChangeEventSource", "level": "INFO", "msg": "Snapshot step 5 - Reading structure of captured tables "}
{"time":"2024-11-19T15:19:17,818", "logger": "io.debezium.connector.oracle.OracleSnapshotChangeEventSource", "level": "INFO", "msg": "All eligible tables schema should be captured, capturing: [FREEPDB1.C##DBZUSER.CUSTOMERS] "}
{"time":"2024-11-19T15:19:18,000", "logger": "com.hazelcast.enterprise.jet.cdc.impl.ReadCdcP", "level": "INFO", "msg": "[10.252.0.13]:5702 [hz-primary] [5.5.2] [cdc-oracle-job1/hz_customers#1] Output to ordinal 0: Watermark{ts=15:19:18.000, key=0} "}
{"time":"2024-11-19T15:19:18,037", "logger": "io.debezium.connector.oracle.OracleConnection", "level": "INFO", "msg": "  Registering 'FREEPDB1.C##DBZUSER.CUSTOMERS' attributes: object_id=71269, data_object_id=71269 "}
{"time":"2024-11-19T15:19:19,000", "logger": "com.hazelcast.enterprise.jet.cdc.impl.ReadCdcP", "level": "INFO", "msg": "[10.252.0.13]:5702 [hz-primary] [5.5.2] [cdc-oracle-job1/hz_customers#1] Output to ordinal 0: Watermark{ts=15:19:19.000, key=0} "}
{"time":"2024-11-19T15:19:20,000", "logger": "com.hazelcast.enterprise.jet.cdc.impl.ReadCdcP", "level": "INFO", "msg": "[10.252.0.13]:5702 [hz-primary] [5.5.2] [cdc-oracle-job1/hz_customers#1] Output to ordinal 0: Watermark{ts=15:19:20.000, key=0} "}
{"time":"2024-11-19T15:19:20,127", "logger": "io.debezium.relational.RelationalSnapshotChangeEventSource", "level": "INFO", "msg": "Snapshot step 6 - Persisting schema history "}
{"time":"2024-11-19T15:19:20,127", "logger": "io.debezium.relational.RelationalSnapshotChangeEventSource", "level": "INFO", "msg": "Capturing structure of table FREEPDB1.C##DBZUSER.CUSTOMERS "}
{"time":"2024-11-19T15:19:21,000", "logger": "com.hazelcast.enterprise.jet.cdc.impl.ReadCdcP", "level": "INFO", "msg": "[10.252.0.13]:5702 [hz-primary] [5.5.2] [cdc-oracle-job1/hz_customers#1] Output to ordinal 0: Watermark{ts=15:19:21.000, key=0} "}
{"time":"2024-11-19T15:19:22,000", "logger": "com.hazelcast.enterprise.jet.cdc.impl.ReadCdcP", "level": "INFO", "msg": "[10.252.0.13]:5702 [hz-primary] [5.5.2] [cdc-oracle-job1/hz_customers#1] Output to ordinal 0: Watermark{ts=15:19:22.000, key=0} "}
{"time":"2024-11-19T15:19:23,000", "logger": "com.hazelcast.enterprise.jet.cdc.impl.ReadCdcP", "level": "INFO", "msg": "[10.252.0.13]:5702 [hz-primary] [5.5.2] [cdc-oracle-job1/hz_customers#1] Output to ordinal 0: Watermark{ts=15:19:23.000, key=0} "}
{"time":"2024-11-19T15:19:24,000", "logger": "com.hazelcast.enterprise.jet.cdc.impl.ReadCdcP", "level": "INFO", "msg": "[10.252.0.13]:5702 [hz-primary] [5.5.2] [cdc-oracle-job1/hz_customers#1] Output to ordinal 0: Watermark{ts=15:19:24.000, key=0} "}
{"time":"2024-11-19T15:19:25,000", "logger": "com.hazelcast.enterprise.jet.cdc.impl.ReadCdcP", "level": "INFO", "msg": "[10.252.0.13]:5702 [hz-primary] [5.5.2] [cdc-oracle-job1/hz_customers#1] Output to ordinal 0: Watermark{ts=15:19:25.000, key=0} "}
{"time":"2024-11-19T15:19:26,000", "logger": "com.hazelcast.enterprise.jet.cdc.impl.ReadCdcP", "level": "INFO", "msg": "[10.252.0.13]:5702 [hz-primary] [5.5.2] [cdc-oracle-job1/hz_customers#1] Output to ordinal 0: Watermark{ts=15:19:26.000, key=0} "}
{"time":"2024-11-19T15:19:26,851", "logger": "io.debezium.schema.AbstractTopicNamingStrategy", "level": "WARN", "msg": "Topic '816fef64-9562-46ac-b38c-b7a1c9cc7411.C##DBZUSER.CUSTOMERS' name isn't a valid topic name, replacing it with '816fef64-9562-46ac-b38c-b7a1c9cc7411.C__DBZUSER.CUSTOMERS'. "}
{"time":"2024-11-19T15:19:26,880", "logger": "io.debezium.relational.history.SchemaHistoryMetrics", "level": "INFO", "msg": "Already applied 1 database changes "}
{"time":"2024-11-19T15:19:26,886", "logger": "io.debezium.relational.RelationalSnapshotChangeEventSource", "level": "INFO", "msg": "Snapshot step 7 - Snapshotting data "}
{"time":"2024-11-19T15:19:26,887", "logger": "io.debezium.relational.RelationalSnapshotChangeEventSource", "level": "INFO", "msg": "Creating snapshot worker pool with 1 worker thread(s) "}
{"time":"2024-11-19T15:19:26,890", "logger": "io.debezium.relational.RelationalSnapshotChangeEventSource", "level": "INFO", "msg": "For table 'FREEPDB1.C##DBZUSER.CUSTOMERS' using select statement: 'SELECT \"ID\", \"NAME\" FROM \"C##DBZUSER\".\"CUSTOMERS\" AS OF SCN 2100481' "}
{"time":"2024-11-19T15:19:26,896", "logger": "io.debezium.relational.RelationalSnapshotChangeEventSource", "level": "INFO", "msg": "Exporting data from table 'FREEPDB1.C##DBZUSER.CUSTOMERS' (1 of 1 tables) "}
{"time":"2024-11-19T15:19:27,000", "logger": "com.hazelcast.enterprise.jet.cdc.impl.ReadCdcP", "level": "INFO", "msg": "[10.252.0.13]:5702 [hz-primary] [5.5.2] [cdc-oracle-job1/hz_customers#1] Output to ordinal 0: Watermark{ts=15:19:27.000, key=0} "}
{"time":"2024-11-19T15:19:27,020", "logger": "io.debezium.relational.RelationalSnapshotChangeEventSource", "level": "INFO", "msg": "   Finished exporting 4 records for table 'FREEPDB1.C##DBZUSER.CUSTOMERS' (1 of 1 tables); total duration '00:00:00.124' "}
{"time":"2024-11-19T15:19:27,028", "logger": "io.debezium.pipeline.source.AbstractSnapshotChangeEventSource", "level": "INFO", "msg": "Snapshot - Final stage "}
{"time":"2024-11-19T15:19:27,044", "logger": "io.debezium.pipeline.source.AbstractSnapshotChangeEventSource", "level": "INFO", "msg": "Snapshot completed "}
{"time":"2024-11-19T15:19:27,045", "logger": "io.debezium.pipeline.ChangeEventSourceCoordinator", "level": "INFO", "msg": "Snapshot ended with SnapshotResult [status=COMPLETED, offset=OracleOffsetContext [scn=2100481, commit_scn=[], lcr_position=null]] "}
{"time":"2024-11-19T15:19:27,054", "logger": "io.debezium.pipeline.ChangeEventSourceCoordinator", "level": "INFO", "msg": "Connected metrics set to 'true' "}
{"time":"2024-11-19T15:19:27,064", "logger": "io.debezium.pipeline.signal.SignalProcessor", "level": "INFO", "msg": "SignalProcessor started. Scheduling it every 5000ms "}
{"time":"2024-11-19T15:19:27,064", "logger": "io.debezium.util.Threads", "level": "INFO", "msg": "Creating thread debezium-oracleconnector-816fef64-9562-46ac-b38c-b7a1c9cc7411-SignalProcessor "}
{"time":"2024-11-19T15:19:27,065", "logger": "io.debezium.pipeline.ChangeEventSourceCoordinator", "level": "INFO", "msg": "Starting streaming "}
{"time":"2024-11-19T15:19:27,160", "logger": "io.debezium.connector.common.BaseSourceTask", "level": "INFO", "msg": "5 records sent during previous 00:00:13.301, last recorded offset of {server=816fef64-9562-46ac-b38c-b7a1c9cc7411} partition is {snapshot_scn=2100481, snapshot=true, scn=2100481, snapshot_completed=true} "}
{"time":"2024-11-19T15:19:27,220", "logger": "com.hazelcast.enterprise.jet.cdc.impl.ReadCdcP", "level": "INFO", "msg": "[10.252.0.13]:5702 [hz-primary] [5.5.2] [cdc-oracle-job1/hz_customers#1] Output to ordinal 0: key:{{\"databaseName\":\"FREEPDB1\"}}, value:{{\"source\":{\"version\":\"2.7.3.Final\",\"connector\":\"oracle\",\"name\":\"816fef64-9562-46ac-b38c-b7a1c9cc7411\",\"ts_ms\":1732029560127,\"snapshot\":\"true\",\"db\":\"FREEPDB1\",\"sequence\":null,\"ts_us\":1732029560127000,\"ts_ns\":1732029560127000000,\"schema\":\"C##DBZUSER\",\"table\":\"CUSTOMERS\",\"txId\":null,\"scn\":\"2100481\",\"commit_scn\":null,\"lcr_position\":null,\"rs_id\":null,\"ssn\":0,\"redo_thread\":null,\"user_name\":null,\"redo_sql\":null,\"row_id\":null},\"ts_ms\":1732029566848,\"databaseName\":\"FREEPDB1\",\"schemaName\":\"C##DBZUSER\",\"ddl\":\"
  CREATE TABLE \\\"C##DBZUSER\\\".\\\"CUSTOMERS\\\" 
   (  \\\"ID\\\" NUMBER(9,0), 
  \\\"NAME\\\" VARCHAR2(50), 
   PRIMARY KEY (\\\"ID\\\")
  USING INDEX  ENABLE, 
   SUPPLEMENTAL LOG DATA (ALL) COLUMNS
   ) ;\",\"tableChanges\":[{\"type\":\"CREATE\",\"id\":\"\\\"FREEPDB1\\\".\\\"C##DBZUSER\\\".\\\"CUSTOMERS\\\"\",\"table\":{\"defaultCharsetName\":null,\"primaryKeyColumnNames\":[\"ID\"],\"columns\":[{\"name\":\"ID\",\"jdbcType\":2,\"nativeType\":null,\"typeName\":\"NUMBER\",\"typeExpression\":\"NUMBER\",\"charsetName\":null,\"length\":9,\"scale\":0,\"position\":1,\"optional\":false,\"autoIncremented\":false,\"generated\":false,\"comment\":null,\"defaultValueExpression\":null,\"enumValues\":null},{\"name\":\"NAME\",\"jdbcType\":12,\"nativeType\":null,\"typeName\":\"VARCHAR2\",\"typeExpression\":\"VARCHAR2\",\"charsetName\":null,\"length\":50,\"scale\":null,\"position\":2,\"optional\":true,\"autoIncremented\":false,\"generated\":false,\"comment\":null,\"defaultValueExpression\":null,\"enumValues\":null}],\"comment\":null}}]}} (eventTime=15:19:27.170) "}
{"time":"2024-11-19T15:19:27,241", "logger": "com.hazelcast.enterprise.jet.cdc.impl.ReadCdcP", "level": "INFO", "msg": "[10.252.0.13]:5702 [hz-primary] [5.5.2] [cdc-oracle-job1/hz_customers#1] Output to ordinal 0: key:{{\"ID\":1001}}, value:{{\"ID\":1001,\"NAME\":\"Salles Thomas\"}} (eventTime=15:19:27.225) "}
{"time":"2024-11-19T15:19:27,244", "logger": "com.hazelcast.enterprise.jet.cdc.impl.ReadCdcP", "level": "INFO", "msg": "[10.252.0.13]:5702 [hz-primary] [5.5.2] [cdc-oracle-job1/hz_customers#1] Output to ordinal 0: key:{{\"ID\":1002}}, value:{{\"ID\":1002,\"NAME\":\"George Bailey\"}} (eventTime=15:19:27.243) "}
{"time":"2024-11-19T15:19:27,246", "logger": "com.hazelcast.enterprise.jet.cdc.impl.ReadCdcP", "level": "INFO", "msg": "[10.252.0.13]:5702 [hz-primary] [5.5.2] [cdc-oracle-job1/hz_customers#1] Output to ordinal 0: key:{{\"ID\":1003}}, value:{{\"ID\":1003,\"NAME\":\"Edward Walker\"}} (eventTime=15:19:27.245) "}
{"time":"2024-11-19T15:19:27,246", "logger": "com.hazelcast.enterprise.jet.cdc.impl.ReadCdcP", "level": "INFO", "msg": "[10.252.0.13]:5702 [hz-primary] [5.5.2] [cdc-oracle-job1/hz_customers#1] Output to ordinal 0: key:{{\"ID\":1004}}, value:{{\"ID\":1004,\"NAME\":\"Anne Kretchmar\"}} (eventTime=15:19:27.246) "}
{"time":"2024-11-19T15:19:27,357", "logger": "com.hazelcast.jet.impl.execution.TaskletExecutionService", "level": "INFO", "msg": "[10.252.0.13]:5702 [hz-primary] [5.5.2] Exception in ProcessorTasklet{cdc-oracle-job1/mapSink(customers1)#1} com.hazelcast.enterprise.jet.cdc.ParsingException: Cannot deserialize value of type `java.util.UUID` from String \"1001\": UUID has to be represented by standard 36-char representation
 at [Source: REDACTED (`StreamReadFeature.INCLUDE_SOURCE_IN_LOCATION` disabled); line: 1, column: 7] (through reference chain: com.hz.demo.cdc.domain.Customer[\"ID\"])
   com.hazelcast.enterprise.jet.cdc.impl.RecordPartImpl.toObject(RecordPartImpl.java:45) ~[hazelcast-enterprise-cdc-debezium-5.5.2.jar:?]
   com.hz.demo.cdc.job.CDCOracle.lambda$createPipeline$536308a$2(CDCOracle.java:69) ~[?:?]
   com.hazelcast.function.FunctionEx.apply(FunctionEx.java:47) ~[hazelcast-enterprise-5.5.2.jar:5.5.2]
   com.hazelcast.jet.impl.connector.WriteMapP.value(WriteMapP.java:118) ~[hazelcast-enterprise-5.5.2.jar:5.5.2]
   com.hazelcast.jet.impl.connector.WriteMapP.lambda$init$0(WriteMapP.java:93) ~[hazelcast-enterprise-5.5.2.jar:5.5.2]
   com.hazelcast.jet.core.Inbox.drain(Inbox.java:134) ~[hazelcast-enterprise-5.5.2.jar:5.5.2]
   com.hazelcast.jet.impl.connector.WriteMapP.processInternal(WriteMapP.java:124) ~[hazelcast-enterprise-5.5.2.jar:5.5.2]
   com.hazelcast.jet.impl.connector.AsyncHazelcastWriterP.process(AsyncHazelcastWriterP.java:75) ~[hazelcast-enterprise-5.5.2.jar:5.5.2]
   com.hazelcast.jet.impl.processor.ProcessorWrapper.process(ProcessorWrapper.java:96) ~[hazelcast-enterprise-5.5.2.jar:5.5.2]
   com.hazelcast.jet.impl.pipeline.FunctionAdapter$AdaptingProcessor.process(FunctionAdapter.java:226) ~[hazelcast-enterprise-5.5.2.jar:5.5.2]
   com.hazelcast.jet.impl.execution.ProcessorTasklet.lambda$processInbox$2f647568$2(ProcessorTasklet.java:490) ~[hazelcast-enterprise-5.5.2.jar:5.5.2]
   com.hazelcast.jet.function.RunnableEx.run(RunnableEx.java:31) ~[hazelcast-enterprise-5.5.2.jar:5.5.2]
   com.hazelcast.jet.impl.util.Util.doWithClassLoader(Util.java:586) ~[hazelcast-enterprise-5.5.2.jar:5.5.2]
   com.hazelcast.jet.impl.execution.ProcessorTasklet.processInbox(ProcessorTasklet.java:490) ~[hazelcast-enterprise-5.5.2.jar:5.5.2]
   com.hazelcast.jet.impl.execution.ProcessorTasklet.stateMachineStep(ProcessorTasklet.java:341) ~[hazelcast-enterprise-5.5.2.jar:5.5.2]
   com.hazelcast.jet.impl.execution.ProcessorTasklet.stateMachineStep(ProcessorTasklet.java:336) ~[hazelcast-enterprise-5.5.2.jar:5.5.2]
   com.hazelcast.jet.impl.execution.ProcessorTasklet.stateMachineStep(ProcessorTasklet.java:328) ~[hazelcast-enterprise-5.5.2.jar:5.5.2]
   com.hazelcast.jet.impl.execution.ProcessorTasklet.call(ProcessorTasklet.java:291) ~[hazelcast-enterprise-5.5.2.jar:5.5.2]
   com.hazelcast.jet.impl.execution.TaskletExecutionService$CooperativeWorker.runTasklet(TaskletExecutionService.java:407) ~[hazelcast-enterprise-5.5.2.jar:5.5.2]
   java.base/java.util.concurrent.CopyOnWriteArrayList.forEach(CopyOnWriteArrayList.java:891) ~[?:?]
   com.hazelcast.jet.impl.execution.TaskletExecutionService$CooperativeWorker.run(TaskletExecutionService.java:372) ~[hazelcast-enterprise-5.5.2.jar:5.5.2]
   java.base/java.lang.Thread.run(Thread.java:1583) [?:?]
Caused by: com.hazelcast.shaded.com.fasterxml.jackson.databind.exc.InvalidFormatException: Cannot deserialize value of type `java.util.UUID` from String \"1001\": UUID has to be represented by standard 36-char representation
 at [Source: REDACTED (`StreamReadFeature.INCLUDE_SOURCE_IN_LOCATION` disabled); line: 1, column: 7] (through reference chain: com.hz.demo.cdc.domain.Customer[\"ID\"])
   com.hazelcast.shaded.com.fasterxml.jackson.databind.exc.InvalidFormatException.from(InvalidFormatException.java:67) ~[hazelcast-jet-files-azure-5.5.2.jar:?]
   com.hazelcast.shaded.com.fasterxml.jackson.databind.DeserializationContext.weirdStringException(DeserializationContext.java:1958) ~[hazelcast-jet-files-azure-5.5.2.jar:?]
   com.hazelcast.shaded.com.fasterxml.jackson.databind.DeserializationContext.handleWeirdStringValue(DeserializationContext.java:1245) ~[hazelcast-jet-files-azure-5.5.2.jar:?]
   com.hazelcast.shaded.com.fasterxml.jackson.databind.deser.std.UUIDDeserializer._badFormat(UUIDDeserializer.java:92) ~[hazelcast-jet-files-azure-5.5.2.jar:?]
   com.hazelcast.shaded.com.fasterxml.jackson.databind.deser.std.UUIDDeserializer._deserialize(UUIDDeserializer.java:56) ~[hazelcast-jet-files-azure-5.5.2.jar:?]
   com.hazelcast.shaded.com.fasterxml.jackson.databind.deser.std.UUIDDeserializer._deserialize(UUIDDeserializer.java:13) ~[hazelcast-jet-files-azure-5.5.2.jar:?]
   com.hazelcast.shaded.com.fasterxml.jackson.databind.deser.std.FromStringDeserializer.deserialize(FromStringDeserializer.java:176) ~[hazelcast-jet-files-azure-5.5.2.jar:?]
   com.hazelcast.shaded.com.fasterxml.jackson.databind.deser.impl.MethodProperty.deserializeAndSet(MethodProperty.java:129) ~[hazelcast-jet-files-azure-5.5.2.jar:?]
   com.hazelcast.shaded.com.fasterxml.jackson.databind.deser.BeanDeserializer.vanillaDeserialize(BeanDeserializer.java:310) ~[hazelcast-jet-files-azure-5.5.2.jar:?]
   com.hazelcast.shaded.com.fasterxml.jackson.databind.deser.BeanDeserializer.deserialize(BeanDeserializer.java:177) ~[hazelcast-jet-files-azure-5.5.2.jar:?]
   com.hazelcast.shaded.com.fasterxml.jackson.databind.deser.DefaultDeserializationContext.readRootValue(DefaultDeserializationContext.java:342) ~[hazelcast-jet-files-azure-5.5.2.jar:?]
   com.hazelcast.shaded.com.fasterxml.jackson.databind.ObjectMapper._readMapAndClose(ObjectMapper.java:4905) ~[hazelcast-jet-files-azure-5.5.2.jar:?]
   com.hazelcast.shaded.com.fasterxml.jackson.databind.ObjectMapper.readValue(ObjectMapper.java:3848) ~[hazelcast-jet-files-azure-5.5.2.jar:?]
   com.hazelcast.shaded.com.fasterxml.jackson.databind.ObjectMapper.readValue(ObjectMapper.java:3816) ~[hazelcast-jet-files-azure-5.5.2.jar:?]
   com.hazelcast.enterprise.jet.cdc.impl.RecordPartImpl.toObject(RecordPartImpl.java:39) ~[hazelcast-enterprise-cdc-debezium-5.5.2.jar:?]
  ... 21 more
"}
{"time":"2024-11-19T15:19:27,381", "logger": "io.debezium.embedded.EmbeddedEngine", "level": "INFO", "msg": "Stopping the embedded engine "}
{"time":"2024-11-19T15:19:27,381", "logger": "io.debezium.embedded.EmbeddedEngine", "level": "INFO", "msg": "Waiting for PT5M for connector to stop "}
{"time":"2024-11-19T15:19:27,664", "logger": "io.debezium.embedded.EmbeddedEngine", "level": "INFO", "msg": "Stopping the task and engine "}
{"time":"2024-11-19T15:19:27,664", "logger": "io.debezium.connector.common.BaseSourceTask", "level": "INFO", "msg": "Stopping down connector "}
{"time":"2024-11-19T15:19:27,799", "logger": "io.debezium.connector.oracle.logminer.LogMinerStreamingChangeEventSource", "level": "INFO", "msg": "Redo Log Group Sizes: "}
{"time":"2024-11-19T15:19:27,799", "logger": "io.debezium.connector.oracle.logminer.LogMinerStreamingChangeEventSource", "level": "INFO", "msg": "  Group #1: 209715200 bytes "}
{"time":"2024-11-19T15:19:27,799", "logger": "io.debezium.connector.oracle.logminer.LogMinerStreamingChangeEventSource", "level": "INFO", "msg": "  Group #2: 419430400 bytes "}
{"time":"2024-11-19T15:19:27,799", "logger": "io.debezium.connector.oracle.logminer.LogMinerStreamingChangeEventSource", "level": "INFO", "msg": "  Group #3: 419430400 bytes "}
{"time":"2024-11-19T15:19:27,799", "logger": "io.debezium.connector.oracle.logminer.LogMinerStreamingChangeEventSource", "level": "WARN", "msg": "Redo logs may be sized too small using the default mining strategy, consider increasing redo log sizes to a minimum of 500MB. "}
{"time":"2024-11-19T15:19:33,198", "logger": "io.debezium.connector.oracle.logminer.LogMinerStreamingChangeEventSource", "level": "INFO", "msg": "startScn=2100481, endScn=null "}
{"time":"2024-11-19T15:19:33,209", "logger": "io.debezium.connector.oracle.logminer.LogMinerStreamingChangeEventSource", "level": "INFO", "msg": "Streaming metrics dump: LogMinerStreamingChangeEventSourceMetrics{connectorConfig=io.debezium.connector.oracle.OracleConnectorConfig@35f27e56, startTime=2024-11-19T15:19:14.623891031Z, clock=SystemClock[Z], currentScn=null, offsetScn=null, commitScn=null, oldestScn=null, oldestScnTime=null, currentLogFileNames=[/opt/oracle/oradata/FREE/redo03.log], redoLogStatuses=[/opt/oracle/oradata/FREE/redo02.log | ACTIVE, /opt/oracle/oradata/FREE/redo01.log | ACTIVE, /opt/oracle/oradata/FREE/redo03.log | CURRENT], databaseZoneOffset=Z, batchSize=20000, logSwitchCount=0, logMinerQueryCount=0, sleepTime=1000, minimumLogsMined=1, maximumLogsMined=1, maxBatchProcessingThroughput=0, timeDifference=0, processedRowsCount=0, activeTransactionCount=0, rolledBackTransactionCount=0, oversizedTransactionCount=0, changesCount=0, scnFreezeCount=0, batchProcessingDuration={min=PT0S,max=PT0S,total=PT0S}, fetchQueryDuration={min=PT0S,max=PT0S,total=PT0S}, commitDuration={min=PT0S,max=PT0S,total=PT0S}, lagFromSourceDuration={min=PT0S,max=PT0S,total=PT0S}, miningSessionStartupDuration={min=PT0S,max=PT0S,total=PT0S}, parseTimeDuration={min=PT0S,max=PT0S,total=PT0S}, resultSetNextDuration={min=PT0S,max=PT0S,total=PT0S}, userGlobalAreaMemory={value=0,max=0}, processGlobalAreaMemory={value=0,max=0}, abandonedTransactionIds=[], rolledBackTransactionIds=[]}  "}
{"time":"2024-11-19T15:19:33,209", "logger": "io.debezium.connector.oracle.logminer.LogMinerStreamingChangeEventSource", "level": "INFO", "msg": "Offsets: OracleOffsetContext [scn=2100481, commit_scn=[], lcr_position=null] "}
{"time":"2024-11-19T15:19:33,210", "logger": "io.debezium.pipeline.ChangeEventSourceCoordinator", "level": "INFO", "msg": "Finished streaming "}
{"time":"2024-11-19T15:19:33,210", "logger": "io.debezium.pipeline.ChangeEventSourceCoordinator", "level": "INFO", "msg": "Connected metrics set to 'false' "}
{"time":"2024-11-19T15:19:33,212", "logger": "io.debezium.pipeline.signal.SignalProcessor", "level": "INFO", "msg": "SignalProcessor stopped "}
{"time":"2024-11-19T15:19:33,213", "logger": "io.debezium.service.DefaultServiceRegistry", "level": "INFO", "msg": "Debezium ServiceRegistry stopped. "}
{"time":"2024-11-19T15:19:33,223", "logger": "io.debezium.jdbc.JdbcConnection", "level": "INFO", "msg": "Connection gracefully closed "}
{"time":"2024-11-19T15:19:33,226", "logger": "io.debezium.jdbc.JdbcConnection", "level": "INFO", "msg": "Connection gracefully closed "}


------
{"time":"2024-11-19T14:14:23,468", "logger": "io.debezium.connector.common.BaseSourceTask", "level": "INFO", "msg": "   offset.storage.file.filename =  "}
{"time":"2024-11-19T14:14:23,469", "logger": "io.debezium.connector.common.BaseSourceTask", "level": "INFO", "msg": "   offset.storage.topic = 911258095567503369 "}
{"time":"2024-11-19T14:14:23,469", "logger": "io.debezium.connector.common.BaseSourceTask", "level": "INFO", "msg": "   errors.retry.delay.initial.ms = 300 "}
{"time":"2024-11-19T14:14:23,469", "logger": "io.debezium.connector.common.BaseSourceTask", "level": "INFO", "msg": "   value.converter = org.apache.kafka.connect.json.JsonConverter "}
{"time":"2024-11-19T14:14:23,469", "logger": "io.debezium.connector.common.BaseSourceTask", "level": "INFO", "msg": "   key.converter = org.apache.kafka.connect.json.JsonConverter "}
{"time":"2024-11-19T14:14:23,470", "logger": "io.debezium.connector.common.BaseSourceTask", "level": "INFO", "msg": "   database.dbname = FREE "}
{"time":"2024-11-19T14:14:23,470", "logger": "io.debezium.connector.common.BaseSourceTask", "level": "INFO", "msg": "   database.user = c##dbzuser "}
{"time":"2024-11-19T14:14:23,470", "logger": "io.debezium.connector.common.BaseSourceTask", "level": "INFO", "msg": "   offset.storage = com.hazelcast.enterprise.jet.cdc.impl.ReadCdcP$JetOffsetStorage "}
{"time":"2024-11-19T14:14:23,470", "logger": "io.debezium.connector.common.BaseSourceTask", "level": "INFO", "msg": "   database.pdb.name = FREEPDB1 "}
{"time":"2024-11-19T14:14:23,470", "logger": "io.debezium.connector.common.BaseSourceTask", "level": "INFO", "msg": "   database.server.name = server1 "}
{"time":"2024-11-19T14:14:23,470", "logger": "io.debezium.connector.common.BaseSourceTask", "level": "INFO", "msg": "   offset.flush.timeout.ms = 5000 "}
{"time":"2024-11-19T14:14:23,471", "logger": "io.debezium.connector.common.BaseSourceTask", "level": "INFO", "msg": "   errors.retry.delay.max.ms = 10000 "}
{"time":"2024-11-19T14:14:23,471", "logger": "io.debezium.connector.common.BaseSourceTask", "level": "INFO", "msg": "   database.port = 1521 "}
{"time":"2024-11-19T14:14:23,471", "logger": "io.debezium.connector.common.BaseSourceTask", "level": "INFO", "msg": "   offset.flush.interval.ms = 60000 "}
{"time":"2024-11-19T14:14:23,471", "logger": "io.debezium.connector.common.BaseSourceTask", "level": "INFO", "msg": "   schema.history.internal = com.hazelcast.enterprise.jet.cdc.impl.ReadCdcP$StatefulSchemaHistory "}
{"time":"2024-11-19T14:14:23,471", "logger": "io.debezium.connector.common.BaseSourceTask", "level": "INFO", "msg": "   errors.max.retries = -1 "}
{"time":"2024-11-19T14:14:23,471", "logger": "io.debezium.connector.common.BaseSourceTask", "level": "INFO", "msg": "   database.hostname = oracle-db23c-free-oracle-db23c-free.default.svc.cluster.local "}
{"time":"2024-11-19T14:14:23,471", "logger": "io.debezium.connector.common.BaseSourceTask", "level": "INFO", "msg": "   database.password = ******** "}
{"time":"2024-11-19T14:14:23,471", "logger": "io.debezium.connector.common.BaseSourceTask", "level": "INFO", "msg": "   name = hz_customers "}
{"time":"2024-11-19T14:14:23,472", "logger": "io.debezium.config.CommonConnectorConfig", "level": "INFO", "msg": "Loading the custom source info struct maker plugin: io.debezium.connector.oracle.OracleSourceInfoStructMaker "}
{"time":"2024-11-19T14:14:23,476", "logger": "io.debezium.config.CommonConnectorConfig", "level": "INFO", "msg": "Loading the custom topic naming strategy plugin: io.debezium.schema.SchemaTopicNamingStrategy "}
{"time":"2024-11-19T14:14:23,559", "logger": "io.debezium.connector.oracle.OracleConnection", "level": "INFO", "msg": "Database Version: Oracle Database 23ai Free Release 23.0.0.0.0 - Develop, Learn, and Run for Free
Version 23.5.0.24.07 "}
{"time":"2024-11-19T14:14:23,918", "logger": "io.debezium.connector.common.BaseSourceTask", "level": "INFO", "msg": "No previous offsets found "}
{"time":"2024-11-19T14:14:23,987", "logger": "io.debezium.connector.oracle.OracleConnection", "level": "INFO", "msg": "Database Version: Oracle Database 23ai Free Release 23.0.0.0.0 - Develop, Learn, and Run for Free
Version 23.5.0.24.07 "}
{"time":"2024-11-19T14:14:24,000", "logger": "com.hazelcast.enterprise.jet.cdc.impl.ReadCdcP", "level": "INFO", "msg": "[10.252.2.8]:5702 [hz-primary] [5.5.2] [cdc-oracle-job1/hz_customers#1] Output to ordinal 0: Watermark{ts=14:14:24.000, key=0} "}
{"time":"2024-11-19T14:14:24,022", "logger": "io.debezium.connector.common.BaseSourceTask", "level": "INFO", "msg": "Stopping down connector "}
{"time":"2024-11-19T14:14:24,025", "logger": "io.debezium.jdbc.JdbcConnection", "level": "INFO", "msg": "Connection gracefully closed "}
{"time":"2024-11-19T14:14:24,028", "logger": "io.debezium.jdbc.JdbcConnection", "level": "INFO", "msg": "Connection gracefully closed "}
{"time":"2024-11-19T14:14:24,032", "logger": "com.hazelcast.jet.impl.execution.TaskletExecutionService", "level": "INFO", "msg": "[10.252.2.8]:5702 [hz-primary] [5.5.2] Exception in ProcessorTasklet{cdc-oracle-job1/hz_customers#1} com.hazelcast.jet.JetException: Unable to initialize and start connector's task class 'io.debezium.connector.oracle.OracleConnectorTask' with config: {connector.class=io.debezium.connector.oracle.OracleConnector, schema.history.internal.connector.id=911258095567503369, tasks.max=1, sequence.extractor.class=com.hazelcast.enterprise.jet.cdc.impl.ConstantSequenceExtractor, tombstones.on.delete=false, topic.prefix=e3fc1244-8347-43c1-8132-51e920712847, offset.storage.file.filename=, offset.storage.topic=911258095567503369, errors.retry.delay.initial.ms=300, value.converter=org.apache.kafka.connect.json.JsonConverter, key.converter=org.apache.kafka.connect.json.JsonConverter, database.dbname=FREE, database.user=c##dbzuser, offset.storage=com.hazelcast.enterprise.jet.cdc.impl.ReadCdcP$JetOffsetStorage, database.pdb.name=FREEPDB1, database.server.name=server1, offset.flush.timeout.ms=5000, errors.retry.delay.max.ms=10000, database.port=1521, offset.flush.interval.ms=60000, schema.history.internal=com.hazelcast.enterprise.jet.cdc.impl.ReadCdcP$StatefulSchemaHistory, errors.max.retries=-1, database.hostname=oracle-db23c-free-oracle-db23c-free.default.svc.cluster.local, database.password=********, name=hz_customers}
   com.hazelcast.enterprise.jet.cdc.impl.ReadCdcP.checkCompleted(ReadCdcP.java:208) ~[hazelcast-enterprise-cdc-debezium-5.5.2.jar:?]
   com.hazelcast.enterprise.jet.cdc.impl.ReadCdcP.complete(ReadCdcP.java:172) ~[hazelcast-enterprise-cdc-debezium-5.5.2.jar:?]
   com.hazelcast.jet.impl.processor.ProcessorWrapper.complete(ProcessorWrapper.java:121) ~[hazelcast-enterprise-5.5.2.jar:5.5.2]
   com.hazelcast.jet.impl.execution.ProcessorTasklet.complete(ProcessorTasklet.java:541) ~[hazelcast-enterprise-5.5.2.jar:5.5.2]
   com.hazelcast.jet.impl.execution.ProcessorTasklet.stateMachineStep(ProcessorTasklet.java:421) ~[hazelcast-enterprise-5.5.2.jar:5.5.2]
   com.hazelcast.jet.impl.execution.ProcessorTasklet.call(ProcessorTasklet.java:291) ~[hazelcast-enterprise-5.5.2.jar:5.5.2]
   com.hazelcast.jet.impl.execution.TaskletExecutionService$CooperativeWorker.runTasklet(TaskletExecutionService.java:407) ~[hazelcast-enterprise-5.5.2.jar:5.5.2]
   java.base/java.util.concurrent.CopyOnWriteArrayList.forEach(CopyOnWriteArrayList.java:891) ~[?:?]
   com.hazelcast.jet.impl.execution.TaskletExecutionService$CooperativeWorker.run(TaskletExecutionService.java:372) ~[hazelcast-enterprise-5.5.2.jar:5.5.2]
   java.base/java.lang.Thread.run(Thread.java:1583) [?:?]
Caused by: io.debezium.DebeziumException: Unable to create service io.debezium.snapshot.SnapshotterService
   io.debezium.service.DefaultServiceRegistry.createService(DefaultServiceRegistry.java:231) ~[hazelcast-enterprise-cdc-debezium-5.5.2.jar:?]
   io.debezium.service.DefaultServiceRegistry.initializeService(DefaultServiceRegistry.java:204) ~[hazelcast-enterprise-cdc-debezium-5.5.2.jar:?]
   io.debezium.service.DefaultServiceRegistry.getService(DefaultServiceRegistry.java:79) ~[hazelcast-enterprise-cdc-debezium-5.5.2.jar:?]
   io.debezium.service.spi.ServiceRegistry.tryGetService(ServiceRegistry.java:40) ~[hazelcast-enterprise-cdc-debezium-5.5.2.jar:?]
   io.debezium.connector.oracle.OracleConnectorTask.start(OracleConnectorTask.java:93) ~[?:?]
   io.debezium.connector.common.BaseSourceTask.start(BaseSourceTask.java:248) ~[hazelcast-enterprise-cdc-debezium-5.5.2.jar:?]
   io.debezium.embedded.EmbeddedEngine.startSourceTask(EmbeddedEngine.java:640) ~[hazelcast-enterprise-cdc-debezium-5.5.2.jar:?]
   io.debezium.embedded.EmbeddedEngine.run(EmbeddedEngine.java:452) ~[hazelcast-enterprise-cdc-debezium-5.5.2.jar:?]
   io.debezium.embedded.ConvertingEngineBuilder$1.run(ConvertingEngineBuilder.java:163) ~[hazelcast-enterprise-cdc-debezium-5.5.2.jar:?]
   java.base/java.util.concurrent.ThreadPoolExecutor.runWorker(ThreadPoolExecutor.java:1144) ~[?:?]
   java.base/java.util.concurrent.ThreadPoolExecutor$Worker.run(ThreadPoolExecutor.java:642) ~[?:?]
  ... 1 more
Caused by: io.debezium.DebeziumException: Unable to create service io.debezium.snapshot.spi.SnapshotQuery
   io.debezium.service.DefaultServiceRegistry.createService(DefaultServiceRegistry.java:231) ~[hazelcast-enterprise-cdc-debezium-5.5.2.jar:?]
   io.debezium.service.DefaultServiceRegistry.initializeService(DefaultServiceRegistry.java:204) ~[hazelcast-enterprise-cdc-debezium-5.5.2.jar:?]
   io.debezium.service.DefaultServiceRegistry.getService(DefaultServiceRegistry.java:79) ~[hazelcast-enterprise-cdc-debezium-5.5.2.jar:?]
   io.debezium.service.spi.ServiceRegistry.tryGetService(ServiceRegistry.java:40) ~[hazelcast-enterprise-cdc-debezium-5.5.2.jar:?]
   io.debezium.snapshot.SnapshotterServiceProvider.createService(SnapshotterServiceProvider.java:61) ~[hazelcast-enterprise-cdc-debezium-5.5.2.jar:?]
   io.debezium.snapshot.SnapshotterServiceProvider.createService(SnapshotterServiceProvider.java:30) ~[hazelcast-enterprise-cdc-debezium-5.5.2.jar:?]
   io.debezium.service.DefaultServiceRegistry.createService(DefaultServiceRegistry.java:115) ~[hazelcast-enterprise-cdc-debezium-5.5.2.jar:?]
   io.debezium.service.DefaultServiceRegistry.createService(DefaultServiceRegistry.java:224) ~[hazelcast-enterprise-cdc-debezium-5.5.2.jar:?]
   io.debezium.service.DefaultServiceRegistry.initializeService(DefaultServiceRegistry.java:204) ~[hazelcast-enterprise-cdc-debezium-5.5.2.jar:?]
   io.debezium.service.DefaultServiceRegistry.getService(DefaultServiceRegistry.java:79) ~[hazelcast-enterprise-cdc-debezium-5.5.2.jar:?]
   io.debezium.service.spi.ServiceRegistry.tryGetService(ServiceRegistry.java:40) ~[hazelcast-enterprise-cdc-debezium-5.5.2.jar:?]
   io.debezium.connector.oracle.OracleConnectorTask.start(OracleConnectorTask.java:93) ~[?:?]
   io.debezium.connector.common.BaseSourceTask.start(BaseSourceTask.java:248) ~[hazelcast-enterprise-cdc-debezium-5.5.2.jar:?]
   io.debezium.embedded.EmbeddedEngine.startSourceTask(EmbeddedEngine.java:640) ~[hazelcast-enterprise-cdc-debezium-5.5.2.jar:?]
   io.debezium.embedded.EmbeddedEngine.run(EmbeddedEngine.java:452) ~[hazelcast-enterprise-cdc-debezium-5.5.2.jar:?]
   io.debezium.embedded.ConvertingEngineBuilder$1.run(ConvertingEngineBuilder.java:163) ~[hazelcast-enterprise-cdc-debezium-5.5.2.jar:?]
   java.base/java.util.concurrent.ThreadPoolExecutor.runWorker(ThreadPoolExecutor.java:1144) ~[?:?]
   java.base/java.util.concurrent.ThreadPoolExecutor$Worker.run(ThreadPoolExecutor.java:642) ~[?:?]
  ... 1 more
Caused by: java.lang.RuntimeException: java.lang.ClassNotFoundException: io.debezium.connector.oracle.OracleConnector
   io.debezium.snapshot.AbstractSnapshotProvider.getConnectorClass(AbstractSnapshotProvider.java:31) ~[hazelcast-enterprise-cdc-debezium-5.5.2.jar:?]
   io.debezium.snapshot.AbstractSnapshotProvider.isForCurrentConnector(AbstractSnapshotProvider.java:22) ~[hazelcast-enterprise-cdc-debezium-5.5.2.jar:?]
   io.debezium.snapshot.SnapshotQueryProvider.lambda$createService$2(SnapshotQueryProvider.java:72) ~[hazelcast-enterprise-cdc-debezium-5.5.2.jar:?]
   java.base/java.util.function.Predicate.lambda$and$0(Predicate.java:69) ~[?:?]
   java.base/java.util.stream.ReferencePipeline$2$1.accept(ReferencePipeline.java:178) ~[?:?]
   java.base/java.util.ArrayList$ArrayListSpliterator.tryAdvance(ArrayList.java:1685) ~[?:?]
   java.base/java.util.stream.ReferencePipeline.forEachWithCancel(ReferencePipeline.java:129) ~[?:?]
   java.base/java.util.stream.AbstractPipeline.copyIntoWithCancel(AbstractPipeline.java:527) ~[?:?]
   java.base/java.util.stream.AbstractPipeline.copyInto(AbstractPipeline.java:513) ~[?:?]
   java.base/java.util.stream.AbstractPipeline.wrapAndCopyInto(AbstractPipeline.java:499) ~[?:?]
   java.base/java.util.stream.FindOps$FindOp.evaluateSequential(FindOps.java:150) ~[?:?]
   java.base/java.util.stream.AbstractPipeline.evaluate(AbstractPipeline.java:234) ~[?:?]
   java.base/java.util.stream.ReferencePipeline.findAny(ReferencePipeline.java:652) ~[?:?]
   io.debezium.snapshot.SnapshotQueryProvider.createService(SnapshotQueryProvider.java:77) ~[hazelcast-enterprise-cdc-debezium-5.5.2.jar:?]
   io.debezium.snapshot.SnapshotQueryProvider.createService(SnapshotQueryProvider.java:36) ~[hazelcast-enterprise-cdc-debezium-5.5.2.jar:?]
   io.debezium.service.DefaultServiceRegistry.createService(DefaultServiceRegistry.java:115) ~[hazelcast-enterprise-cdc-debezium-5.5.2.jar:?]
   io.debezium.service.DefaultServiceRegistry.createService(DefaultServiceRegistry.java:224) ~[hazelcast-enterprise-cdc-debezium-5.5.2.jar:?]
   io.debezium.service.DefaultServiceRegistry.initializeService(DefaultServiceRegistry.java:204) ~[hazelcast-enterprise-cdc-debezium-5.5.2.jar:?]
   io.debezium.service.DefaultServiceRegistry.getService(DefaultServiceRegistry.java:79) ~[hazelcast-enterprise-cdc-debezium-5.5.2.jar:?]
   io.debezium.service.spi.ServiceRegistry.tryGetService(ServiceRegistry.java:40) ~[hazelcast-enterprise-cdc-debezium-5.5.2.jar:?]
   io.debezium.snapshot.SnapshotterServiceProvider.createService(SnapshotterServiceProvider.java:61) ~[hazelcast-enterprise-cdc-debezium-5.5.2.jar:?]
   io.debezium.snapshot.SnapshotterServiceProvider.createService(SnapshotterServiceProvider.java:30) ~[hazelcast-enterprise-cdc-debezium-5.5.2.jar:?]
   io.debezium.service.DefaultServiceRegistry.createService(DefaultServiceRegistry.java:115) ~[hazelcast-enterprise-cdc-debezium-5.5.2.jar:?]
   io.debezium.service.DefaultServiceRegistry.createService(DefaultServiceRegistry.java:224) ~[hazelcast-enterprise-cdc-debezium-5.5.2.jar:?]
   io.debezium.service.DefaultServiceRegistry.initializeService(DefaultServiceRegistry.java:204) ~[hazelcast-enterprise-cdc-debezium-5.5.2.jar:?]
   io.debezium.service.DefaultServiceRegistry.getService(DefaultServiceRegistry.java:79) ~[hazelcast-enterprise-cdc-debezium-5.5.2.jar:?]
   io.debezium.service.spi.ServiceRegistry.tryGetService(ServiceRegistry.java:40) ~[hazelcast-enterprise-cdc-debezium-5.5.2.jar:?]
   io.debezium.connector.oracle.OracleConnectorTask.start(OracleConnectorTask.java:93) ~[?:?]
   io.debezium.connector.common.BaseSourceTask.start(BaseSourceTask.java:248) ~[hazelcast-enterprise-cdc-debezium-5.5.2.jar:?]
   io.debezium.embedded.EmbeddedEngine.startSourceTask(EmbeddedEngine.java:640) ~[hazelcast-enterprise-cdc-debezium-5.5.2.jar:?]
   io.debezium.embedded.EmbeddedEngine.run(EmbeddedEngine.java:452) ~[hazelcast-enterprise-cdc-debezium-5.5.2.jar:?]
   io.debezium.embedded.ConvertingEngineBuilder$1.run(ConvertingEngineBuilder.java:163) ~[hazelcast-enterprise-cdc-debezium-5.5.2.jar:?]
   java.base/java.util.concurrent.ThreadPoolExecutor.runWorker(ThreadPoolExecutor.java:1144) ~[?:?]
   java.base/java.util.concurrent.ThreadPoolExecutor$Worker.run(ThreadPoolExecutor.java:642) ~[?:?]
  ... 1 more
Caused by: java.lang.ClassNotFoundException: io.debezium.connector.oracle.OracleConnector
   java.base/jdk.internal.loader.BuiltinClassLoader.loadClass(BuiltinClassLoader.java:641) ~[?:?]
   java.base/jdk.internal.loader.ClassLoaders$AppClassLoader.loadClass(ClassLoaders.java:188) ~[?:?]
   java.base/java.lang.ClassLoader.loadClass(ClassLoader.java:526) ~[?:?]
   java.base/java.lang.Class.forName0(Native Method) ~[?:?]
   java.base/java.lang.Class.forName(Class.java:421) ~[?:?]
   java.base/java.lang.Class.forName(Class.java:412) ~[?:?]
   io.debezium.snapshot.AbstractSnapshotProvider.getConnectorClass(AbstractSnapshotProvider.java:28) ~[hazelcast-enterprise-cdc-debezium-5.5.2.jar:?]
   io.debezium.snapshot.AbstractSnapshotProvider.isForCurrentConnector(AbstractSnapshotProvider.java:22) ~[hazelcast-enterprise-cdc-debezium-5.5.2.jar:?]
   io.debezium.snapshot.SnapshotQueryProvider.lambda$createService$2(SnapshotQueryProvider.java:72) ~[hazelcast-enterprise-cdc-debezium-5.5.2.jar:?]
   java.base/java.util.function.Predicate.lambda$and$0(Predicate.java:69) ~[?:?]
   java.base/java.util.stream.ReferencePipeline$2$1.accept(ReferencePipeline.java:178) ~[?:?]
   java.base/java.util.ArrayList$ArrayListSpliterator.tryAdvance(ArrayList.java:1685) ~[?:?]
   java.base/java.util.stream.ReferencePipeline.forEachWithCancel(ReferencePipeline.java:129) ~[?:?]
   java.base/java.util.stream.AbstractPipeline.copyIntoWithCancel(AbstractPipeline.java:527) ~[?:?]
   java.base/java.util.stream.AbstractPipeline.copyInto(AbstractPipeline.java:513) ~[?:?]
   java.base/java.util.stream.AbstractPipeline.wrapAndCopyInto(AbstractPipeline.java:499) ~[?:?]
   java.base/java.util.stream.FindOps$FindOp.evaluateSequential(FindOps.java:150) ~[?:?]
   java.base/java.util.stream.AbstractPipeline.evaluate(AbstractPipeline.java:234) ~[?:?]
   java.base/java.util.stream.ReferencePipeline.findAny(ReferencePipeline.java:652) ~[?:?]
   io.debezium.snapshot.SnapshotQueryProvider.createService(SnapshotQueryProvider.java:77) ~[hazelcast-enterprise-cdc-debezium-5.5.2.jar:?]
   io.debezium.snapshot.SnapshotQueryProvider.createService(SnapshotQueryProvider.java:36) ~[hazelcast-enterprise-cdc-debezium-5.5.2.jar:?]
   io.debezium.service.DefaultServiceRegistry.createService(DefaultServiceRegistry.java:115) ~[hazelcast-enterprise-cdc-debezium-5.5.2.jar:?]
   io.debezium.service.DefaultServiceRegistry.createService(DefaultServiceRegistry.java:224) ~[hazelcast-enterprise-cdc-debezium-5.5.2.jar:?]
   io.debezium.service.DefaultServiceRegistry.initializeService(DefaultServiceRegistry.java:204) ~[hazelcast-enterprise-cdc-debezium-5.5.2.jar:?]
   io.debezium.service.DefaultServiceRegistry.getService(DefaultServiceRegistry.java:79) ~[hazelcast-enterprise-cdc-debezium-5.5.2.jar:?]
   io.debezium.service.spi.ServiceRegistry.tryGetService(ServiceRegistry.java:40) ~[hazelcast-enterprise-cdc-debezium-5.5.2.jar:?]
   io.debezium.snapshot.SnapshotterServiceProvider.createService(SnapshotterServiceProvider.java:61) ~[hazelcast-enterprise-cdc-debezium-5.5.2.jar:?]
   io.debezium.snapshot.SnapshotterServiceProvider.createService(SnapshotterServiceProvider.java:30) ~[hazelcast-enterprise-cdc-debezium-5.5.2.jar:?]
   io.debezium.service.DefaultServiceRegistry.createService(DefaultServiceRegistry.java:115) ~[hazelcast-enterprise-cdc-debezium-5.5.2.jar:?]
   io.debezium.service.DefaultServiceRegistry.createService(DefaultServiceRegistry.java:224) ~[hazelcast-enterprise-cdc-debezium-5.5.2.jar:?]
   io.debezium.service.DefaultServiceRegistry.initializeService(DefaultServiceRegistry.java:204) ~[hazelcast-enterprise-cdc-debezium-5.5.2.jar:?]
   io.debezium.service.DefaultServiceRegistry.getService(DefaultServiceRegistry.java:79) ~[hazelcast-enterprise-cdc-debezium-5.5.2.jar:?]
   io.debezium.service.spi.ServiceRegistry.tryGetService(ServiceRegistry.java:40) ~[hazelcast-enterprise-cdc-debezium-5.5.2.jar:?]
   io.debezium.connector.oracle.OracleConnectorTask.start(OracleConnectorTask.java:93) ~[?:?]
   io.debezium.connector.common.BaseSourceTask.start(BaseSourceTask.java:248) ~[hazelcast-enterprise-cdc-debezium-5.5.2.jar:?]
   io.debezium.embedded.EmbeddedEngine.startSourceTask(EmbeddedEngine.java:640) ~[hazelcast-enterprise-cdc-debezium-5.5.2.jar:?]
   io.debezium.embedded.EmbeddedEngine.run(EmbeddedEngine.java:452) ~[hazelcast-enterprise-cdc-debezium-5.5.2.jar:?]
   io.debezium.embedded.ConvertingEngineBuilder$1.run(ConvertingEngineBuilder.java:163) ~[hazelcast-enterprise-cdc-debezium-5.5.2.jar:?]
   java.base/java.util.concurrent.ThreadPoolExecutor.runWorker(ThreadPoolExecutor.java:1144) ~[?:?]
   java.base/java.util.concurrent.ThreadPoolExecutor$Worker.run(ThreadPoolExecutor.java:642) ~[?:?]
  ... 1 more
"}
{"time":"2024-11-19T14:14:24,040", "logger": "io.debezium.embedded.EmbeddedEngine", "level": "INFO", "msg": "Stopping the embedded engine "}